1783966327 [xai] GET cli-chat-proxy.grok.com/v1/settings -> 200 req=0b
1783966327 [xai] GET cli-chat-proxy.grok.com/v1/settings -> 200 req=0b
1783966328 [telem] POST api.mixpanel.com/engage -> 200 req=397b
1783966328 [xai] GET cli-chat-proxy.grok.com/v1/settings -> 200 req=0b
1783966328 [telem] POST api.mixpanel.com/engage -> 200 req=471b
1783966328 [xai] POST grok.com/_data/v1/events -> 200 req=728b
1783966328 [xai] POST grok.com/_data/v1/events -> 200 req=732b
1783966328 [telem] POST api.mixpanel.com/engage -> 200 req=471b
1783966328 [xai] POST grok.com/_data/v1/events -> 200 req=774b
1783966328 [telem] POST api.mixpanel.com/track -> 200 req=867b
1783966328 [xai] POST grok.com/_data/v1/events -> 200 req=1224b
1783966328 [xai] POST grok.com/_data/v1/events -> 200 req=786b
1783966328 [xai] POST grok.com/_data/v1/events -> 200 req=715b
1783966328 [xai] POST grok.com/_data/v1/events -> 200 req=782b
1783966328 [xai] GET cli-chat-proxy.grok.com/v1/feedback/config -> 200 req=0b
1783966328 [telem] POST api.mixpanel.com/track -> 200 req=869b
1783966328 [telem] POST api.mixpanel.com/track -> 200 req=1525b
1783966329 [telem] POST api.mixpanel.com/track -> 200 req=853b
1783966329 [telem] POST api.mixpanel.com/track -> 200 req=925b
1783966329 [telem] POST api.mixpanel.com/track -> 200 req=941b
1783966329 [telem] POST api.mixpanel.com/track -> 200 req=939b
1783966329 [xai] POST cli-chat-proxy.grok.com/v1/sessions/019f5cad-e603-7b80-a349-0f0563793db0/signals -> 200 req=1210b
1783966330 [xai] POST cli-chat-proxy.grok.com/v1/responses -> 200 req=46730b
1783966331 [xai] POST grok.com/_data/v1/events -> 200 req=869b
1783966331 [xai] POST grok.com/_data/v1/events -> 200 req=783b
1783966331 [xai] POST grok.com/_data/v1/events -> 200 req=820b
1783966331 [xai] POST grok.com/_data/v1/events -> 200 req=832b
1783966331 [xai] POST grok.com/_data/v1/events -> 200 req=771b
1783966331 [xai] POST grok.com/_data/v1/events -> 200 req=879b
1783966331 [telem] POST api.mixpanel.com/track -> 200 req=1055b
1783966331 [telem] POST api.mixpanel.com/track -> 200 req=993b
1783966331 [telem] POST api.mixpanel.com/track -> 200 req=921b
1783966331 [telem] POST api.mixpanel.com/track -> 200 req=937b
1783966331 [telem] POST api.mixpanel.com/track -> 200 req=1009b
1783966331 [telem] POST api.mixpanel.com/track -> 200 req=1065b
1783966331 [xai] POST grok.com/_data/v1/events -> 200 req=751b
1783966331 [xai] POST grok.com/_data/v1/events -> 200 req=763b
1783966331 [telem] POST api.mixpanel.com/track -> 200 req=901b
1783966331 [telem] POST api.mixpanel.com/track -> 200 req=917b
1783966332 [xai] POST cli-chat-proxy.grok.com/v1/traces -> 200 req=7586b
1783966333 [xai] POST cli-chat-proxy.grok.com/v1/responses -> 200 req=48805b
1783966333 [xai] POST grok.com/_data/v1/events -> 200 req=868b
1783966333 [xai] POST grok.com/_data/v1/events -> 200 req=821b
1783966333 [xai] POST grok.com/_data/v1/events -> 200 req=772b
1783966333 [xai] POST grok.com/_data/v1/events -> 200 req=772b
1783966333 [xai] POST grok.com/_data/v1/events -> 200 req=821b
1783966333 [xai] POST grok.com/_data/v1/events -> 200 req=752b
1783966333 [xai] POST grok.com/_data/v1/events -> 200 req=752b
1783966333 [telem] POST api.mixpanel.com/track -> 200 req=1057b
1783966333 [telem] POST api.mixpanel.com/track -> 200 req=929b
1783966333 [telem] POST api.mixpanel.com/track -> 200 req=899b
1783966333 [telem] POST api.mixpanel.com/track -> 200 req=899b
1783966333 [xai] POST cli-chat-proxy.grok.com/v1/responses -> 200 req=1212b
1783966333 [telem] POST api.mixpanel.com/track -> 200 req=929b
1783966333 [telem] POST api.mixpanel.com/track -> 200 req=991b
1783966333 [telem] POST api.mixpanel.com/track -> 200 req=991b
1783966334 [xai] POST cli-chat-proxy.grok.com/v1/responses -> 200 req=50071b
1783966335 [xai] POST cli-chat-proxy.grok.com/v1/sessions/019f5cad-e603-7b80-a349-0f0563793db0/turn-deltas -> 201 req=1481b
1783966335 [xai] POST cli-chat-proxy.grok.com/v1/traces -> 200 req=10559b
