1783966420 [xai] GET cli-chat-proxy.grok.com/v1/settings -> 200 req=0b
1783966421 [xai] GET cli-chat-proxy.grok.com/v1/settings -> 200 req=0b
1783966421 [telem] POST api.mixpanel.com/engage -> 200 req=397b
1783966421 [xai] GET cli-chat-proxy.grok.com/v1/settings -> 200 req=0b
1783966421 [telem] POST api.mixpanel.com/engage -> 200 req=471b
1783966421 [xai] POST grok.com/_data/v1/events -> 200 req=728b
1783966421 [xai] POST grok.com/_data/v1/events -> 200 req=732b
1783966421 [telem] POST api.mixpanel.com/track -> 200 req=867b
1783966421 [telem] POST api.mixpanel.com/engage -> 200 req=471b
1783966421 [xai] POST grok.com/_data/v1/events -> 200 req=1224b
1783966421 [xai] POST grok.com/_data/v1/events -> 200 req=783b
1783966421 [xai] POST grok.com/_data/v1/events -> 200 req=715b
1783966421 [xai] POST grok.com/_data/v1/events -> 200 req=782b
1783966422 [xai] GET cli-chat-proxy.grok.com/v1/feedback/config -> 200 req=0b
1783966422 [telem] POST api.mixpanel.com/track -> 200 req=869b
1783966422 [telem] POST api.mixpanel.com/track -> 200 req=937b
1783966422 [telem] POST api.mixpanel.com/track -> 200 req=939b
1783966422 [telem] POST api.mixpanel.com/track -> 200 req=853b
1783966422 [telem] POST api.mixpanel.com/track -> 200 req=1525b
1783966422 [xai] POST cli-chat-proxy.grok.com/v1/sessions/019f5caf-522a-7210-89dc-6ad17ce0aadc/signals -> 200 req=1210b
1783966423 [xai] POST cli-chat-proxy.grok.com/v1/responses -> 200 req=46731b
1783966423 [xai] POST grok.com/_data/v1/events -> 200 req=869b
1783966423 [xai] POST grok.com/_data/v1/events -> 200 req=820b
1783966423 [xai] POST grok.com/_data/v1/events -> 200 req=783b
1783966423 [xai] POST grok.com/_data/v1/events -> 200 req=879b
1783966423 [xai] POST grok.com/_data/v1/events -> 200 req=771b
1783966423 [xai] POST grok.com/_data/v1/events -> 200 req=832b
1783966423 [xai] POST grok.com/_data/v1/events -> 200 req=751b
1783966424 [telem] POST api.mixpanel.com/track -> 200 req=1055b
1783966424 [telem] POST api.mixpanel.com/track -> 200 req=937b
1783966424 [telem] POST api.mixpanel.com/track -> 200 req=1065b
1783966424 [telem] POST api.mixpanel.com/track -> 200 req=993b
1783966424 [telem] POST api.mixpanel.com/track -> 200 req=1009b
1783966424 [telem] POST api.mixpanel.com/track -> 200 req=901b
1783966424 [telem] POST api.mixpanel.com/track -> 200 req=921b
1783966424 [xai] POST grok.com/_data/v1/events -> 200 req=761b
1783966424 [telem] POST api.mixpanel.com/track -> 200 req=911b
1783966425 [xai] POST cli-chat-proxy.grok.com/v1/traces -> 204 req=7582b
1783966427 [xai] POST cli-chat-proxy.grok.com/v1/responses -> 200 req=1212b
1783966461 [xai] POST cli-chat-proxy.grok.com/v1/responses -> 200 req=48642b
1783966462 [xai] POST grok.com/_data/v1/events -> 200 req=772b
1783966462 [xai] POST grok.com/_data/v1/events -> 200 req=868b
1783966462 [xai] POST grok.com/_data/v1/events -> 200 req=821b
1783966462 [xai] POST grok.com/_data/v1/events -> 200 req=821b
1783966462 [xai] POST grok.com/_data/v1/events -> 200 req=772b
1783966462 [xai] POST grok.com/_data/v1/events -> 200 req=752b
1783966462 [xai] POST grok.com/_data/v1/events -> 200 req=752b
1783966462 [telem] POST api.mixpanel.com/track -> 200 req=899b
1783966462 [telem] POST api.mixpanel.com/track -> 200 req=991b
1783966462 [telem] POST api.mixpanel.com/track -> 200 req=991b
1783966462 [telem] POST api.mixpanel.com/track -> 200 req=929b
1783966462 [telem] POST api.mixpanel.com/track -> 200 req=929b
1783966462 [telem] POST api.mixpanel.com/track -> 200 req=899b
1783966462 [telem] POST api.mixpanel.com/track -> 200 req=1057b
1783966463 [xai] POST cli-chat-proxy.grok.com/v1/responses -> 200 req=49733b
1783966463 [xai] POST grok.com/_data/v1/events -> 200 req=761b
1783966463 [xai] POST grok.com/_data/v1/events -> 200 req=862b
1783966463 [xai] POST grok.com/_data/v1/events -> 200 req=775b
1783966463 [xai] POST cli-chat-proxy.grok.com/v1/traces -> 204 req=11082b
